[debug] [2024-06-23T15:27:02.029Z] ----------------------------------------------------------------------
[debug] [2024-06-23T15:27:02.031Z] Command:       C:\Program Files\nodejs\node.exe C:\Users\Asus\AppData\Roaming\npm\node_modules\firebase-tools\lib\bin\firebase.js init
[debug] [2024-06-23T15:27:02.032Z] CLI Version:   13.11.4
[debug] [2024-06-23T15:27:02.032Z] Platform:      win32
[debug] [2024-06-23T15:27:02.032Z] Node Version:  v20.13.1
[debug] [2024-06-23T15:27:02.032Z] Time:          Sun Jun 23 2024 20:57:02 GMT+0530 (India Standard Time)
[debug] [2024-06-23T15:27:02.032Z] ----------------------------------------------------------------------
[debug] 
[debug] [2024-06-23T15:27:02.036Z] > command requires scopes: ["email","openid","https://www.googleapis.com/auth/cloudplatformprojects.readonly","https://www.googleapis.com/auth/firebase","https://www.googleapis.com/auth/cloud-platform"]
[debug] [2024-06-23T15:27:02.036Z] > authorizing via signed-in user (ragulvishnukumar@gmail.com)
[info] 
     ######## #### ########  ######## ########     ###     ######  ########
     ##        ##  ##     ## ##       ##     ##  ##   ##  ##       ##
     ######    ##  ########  ######   ########  #########  ######  ######
     ##        ##  ##    ##  ##       ##     ## ##     ##       ## ##
     ##       #### ##     ## ######## ########  ##     ##  ######  ########

You're about to initialize a Firebase project in this directory:

  D:\Company portfolio

[info] 
=== Project Setup
[info] 
[info] First, let's associate this project directory with a Firebase project.
[info] You can create multiple project aliases by running firebase use --add, 
[info] but for now we'll just set up a default project.
[info] 
[debug] [2024-06-23T15:27:13.969Z] >>> [apiv2][query] GET https://firebase.googleapis.com/v1beta1/projects pageSize=100
[debug] [2024-06-23T15:27:15.002Z] <<< [apiv2][status] GET https://firebase.googleapis.com/v1beta1/projects 200
[debug] [2024-06-23T15:27:15.002Z] <<< [apiv2][body] GET https://firebase.googleapis.com/v1beta1/projects [omitted]
[info] i  Using project imagivitee (imagivitee) 
[info] 
=== Hosting Setup
[debug] [2024-06-23T15:27:18.142Z] >>> [apiv2][query] GET https://firebase.googleapis.com/v1beta1/projects/imagivitee [none]
[debug] [2024-06-23T15:27:18.872Z] <<< [apiv2][status] GET https://firebase.googleapis.com/v1beta1/projects/imagivitee 200
[debug] [2024-06-23T15:27:18.873Z] <<< [apiv2][body] GET https://firebase.googleapis.com/v1beta1/projects/imagivitee {"projectId":"imagivitee","projectNumber":"541364493925","displayName":"imagivitee","name":"projects/imagivitee","resources":{"hostingSite":"imagivitee"},"state":"ACTIVE","etag":"1_b733a791-ebba-4157-8a2a-dcd8199d3f8b"}
[info] 
[info] Your public directory is the folder (relative to your project directory) that
[info] will contain Hosting assets to be uploaded with firebase deploy. If you
[info] have a build process for your assets, use your build's output directory.
[info] 
[debug] [2024-06-23T15:27:35.996Z] >>> [apiv2][query] GET https://www.gstatic.com/firebasejs/releases.json [none]
[debug] [2024-06-23T15:27:36.253Z] <<< [apiv2][status] GET https://www.gstatic.com/firebasejs/releases.json 200
[debug] [2024-06-23T15:27:36.253Z] <<< [apiv2][body] GET https://www.gstatic.com/firebasejs/releases.json {"current":{"version":"10.12.2","browserURL":"https://www.gstatic.com/firebasejs/10.12.2/firebase.js","packageURL":"https://www.gstatic.com/firebasejs/10.12.2/firebase.tgz"},"live":{"version":"10.12","browserURL":"https://www.gstatic.com/firebasejs/live/10.12/firebase.js","packageURL":"https://www.gstatic.com/firebasejs/live/10.12/firebase.tgz"},"components":{"analytics":"https://www.gstatic.com/firebasejs/10.12.2/firebase-analytics.js","app":"https://www.gstatic.com/firebasejs/10.12.2/firebase-app.js","app-check":"https://www.gstatic.com/firebasejs/10.12.2/firebase-app-check.js","auth":"https://www.gstatic.com/firebasejs/10.12.2/firebase-auth.js","auth/cordova":"https://www.gstatic.com/firebasejs/10.12.2/firebase-auth/cordova.js","auth/web-extension":"https://www.gstatic.com/firebasejs/10.12.2/firebase-auth/web-extension.js","functions":"https://www.gstatic.com/firebasejs/10.12.2/firebase-functions.js","firestore":"https://www.gstatic.com/firebasejs/10.12.2/firebase-firestore.js","firestore/lite":"https://www.gstatic.com/firebasejs/10.12.2/firebase-firestore/lite.js","installations":"https://www.gstatic.com/firebasejs/10.12.2/firebase-installations.js","storage":"https://www.gstatic.com/firebasejs/10.12.2/firebase-storage.js","performance":"https://www.gstatic.com/firebasejs/10.12.2/firebase-performance.js","remote-config":"https://www.gstatic.com/firebasejs/10.12.2/firebase-remote-config.js","messaging":"https://www.gstatic.com/firebasejs/10.12.2/firebase-messaging.js","messaging/sw":"https://www.gstatic.com/firebasejs/10.12.2/firebase-messaging/sw.js","database":"https://www.gstatic.com/firebasejs/10.12.2/firebase-database.js","vertexai-preview":"https://www.gstatic.com/firebasejs/10.12.2/firebase-vertexai-preview.js","firestore.memory":"https://www.gstatic.com/firebasejs/10.12.2/firebase-firestore.memory.js"}}
[info] +  Wrote public/index.html 
[info] 
[info] i  Didn't detect a .git folder. Assuming D:\Company portfolio is the project root. 
[info] i  Authorizing with GitHub to upload your service account to a GitHub repository's secrets store. 
[info] 
[info] Visit this URL on this device to log in:
[info] https://github.com/login/oauth/authorize?client_id=89cf50f02ac6aaed3484&state=1016041208&redirect_uri=http%3A%2F%2Flocalhost%3A9005&scope=read%3Auser%20repo%20public_repo
[info] 
[info] Waiting for authentication...
[debug] [2024-06-23T15:27:40.770Z] >>> [apiv2][query] POST https://github.com/login/oauth/access_token [none]
[debug] [2024-06-23T15:27:40.770Z] >>> [apiv2][body] POST https://github.com/login/oauth/access_token [stream]
[debug] [2024-06-23T15:27:42.041Z] <<< [apiv2][status] POST https://github.com/login/oauth/access_token 200
[debug] [2024-06-23T15:27:42.041Z] <<< [apiv2][body] POST https://github.com/login/oauth/access_token {"access_token":"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","token_type":"bearer","scope":"read:user,repo"}
[debug] [2024-06-23T15:27:42.050Z] >>> [apiv2][query] GET https://api.github.com/user [none]
[debug] [2024-06-23T15:27:42.714Z] <<< [apiv2][status] GET https://api.github.com/user 200
[debug] [2024-06-23T15:27:42.714Z] <<< [apiv2][body] GET https://api.github.com/user {"login":"crazy-coder-guy","id":138527720,"node_id":"U_kgDOCEHD6A","avatar_url":"https://avatars.githubusercontent.com/u/138527720?v=4","gravatar_id":"","url":"https://api.github.com/users/crazy-coder-guy","html_url":"https://github.com/crazy-coder-guy","followers_url":"https://api.github.com/users/crazy-coder-guy/followers","following_url":"https://api.github.com/users/crazy-coder-guy/following{/other_user}","gists_url":"https://api.github.com/users/crazy-coder-guy/gists{/gist_id}","starred_url":"https://api.github.com/users/crazy-coder-guy/starred{/owner}{/repo}","subscriptions_url":"https://api.github.com/users/crazy-coder-guy/subscriptions","organizations_url":"https://api.github.com/users/crazy-coder-guy/orgs","repos_url":"https://api.github.com/users/crazy-coder-guy/repos","events_url":"https://api.github.com/users/crazy-coder-guy/events{/privacy}","received_events_url":"https://api.github.com/users/crazy-coder-guy/received_events","type":"User","site_admin":false,"name":null,"company":null,"blog":"","location":null,"email":null,"hireable":null,"bio":null,"twitter_username":null,"public_repos":4,"public_gists":0,"followers":0,"following":0,"created_at":"2023-07-03T20:12:20Z","updated_at":"2024-06-21T04:36:31Z","private_gists":0,"total_private_repos":0,"owned_private_repos":0,"disk_usage":15493,"collaborators":0,"two_factor_authentication":false,"plan":{"name":"free","space":976562499,"collaborators":0,"private_repos":10000}}
[info] 
[info] +  Success! Logged into GitHub as crazy-coder-guy 
[info] 
[debug] [2024-06-23T15:27:50.996Z] >>> [apiv2][query] GET https://api.github.com/repos//actions/secrets/public-key type=owner
[debug] [2024-06-23T15:27:51.371Z] <<< [apiv2][status] GET https://api.github.com/repos//actions/secrets/public-key 404
[debug] [2024-06-23T15:27:51.372Z] <<< [apiv2][body] GET https://api.github.com/repos//actions/secrets/public-key {"message":"Not Found","documentation_url":"https://docs.github.com/rest","status":"404"}
[info] 
[info] 
[error] !  The provided authorization cannot be used with this repository. If this repository is in an organization, did you remember to grant access? 
[info] 
[info] i  Action required: Visit this URL to ensure access has been granted to the appropriate organization(s) for the Firebase CLI GitHub OAuth App: 
[info] https://github.com/settings/connections/applications/89cf50f02ac6aaed3484
[info] 
[debug] [2024-06-23T15:27:53.855Z] >>> [apiv2][query] GET https://api.github.com/repos//actions/secrets/public-key type=owner
[debug] [2024-06-23T15:27:54.143Z] <<< [apiv2][status] GET https://api.github.com/repos//actions/secrets/public-key 404
[debug] [2024-06-23T15:27:54.143Z] <<< [apiv2][body] GET https://api.github.com/repos//actions/secrets/public-key {"message":"Not Found","documentation_url":"https://docs.github.com/rest","status":"404"}
[info] 
[info] 
[error] !  The provided authorization cannot be used with this repository. If this repository is in an organization, did you remember to grant access? 
[info] 
[info] i  Action required: Visit this URL to ensure access has been granted to the appropriate organization(s) for the Firebase CLI GitHub OAuth App: 
[info] https://github.com/settings/connections/applications/89cf50f02ac6aaed3484
[info] 
[debug] [2024-06-23T15:28:59.624Z] >>> [apiv2][query] GET https://api.github.com/repos/ /actions/secrets/public-key type=owner
[debug] [2024-06-23T15:29:00.121Z] <<< [apiv2][status] GET https://api.github.com/repos/ /actions/secrets/public-key 404
[debug] [2024-06-23T15:29:00.121Z] <<< [apiv2][body] GET https://api.github.com/repos/ /actions/secrets/public-key {"message":"Not Found","documentation_url":"https://docs.github.com/rest","status":"404"}
[info] 
[info] 
[error] !  The provided authorization cannot be used with this repository. If this repository is in an organization, did you remember to grant access? 
[info] 
[info] i  Action required: Visit this URL to ensure access has been granted to the appropriate organization(s) for the Firebase CLI GitHub OAuth App: 
[info] https://github.com/settings/connections/applications/89cf50f02ac6aaed3484
[info] 
[debug] [2024-06-23T15:29:01.714Z] >>> [apiv2][query] GET https://api.github.com/repos/ /actions/secrets/public-key type=owner
[debug] [2024-06-23T15:29:02.082Z] <<< [apiv2][status] GET https://api.github.com/repos/ /actions/secrets/public-key 404
[debug] [2024-06-23T15:29:02.083Z] <<< [apiv2][body] GET https://api.github.com/repos/ /actions/secrets/public-key {"message":"Not Found","documentation_url":"https://docs.github.com/rest","status":"404"}
[info] 
[info] 
[error] !  The provided authorization cannot be used with this repository. If this repository is in an organization, did you remember to grant access? 
[info] 
[info] i  Action required: Visit this URL to ensure access has been granted to the appropriate organization(s) for the Firebase CLI GitHub OAuth App: 
[info] https://github.com/settings/connections/applications/89cf50f02ac6aaed3484
[info] 
